<rss version="2.0">
<channel>
<title>test</title>
<description>
test rss
</description>
<item>
<title>test a</title>
<description>test</description>
</item>